<?xml version="1.0" encoding="UTF-8"?>
<!-- Generated by org.testng.reporters.JUnitReportReporter -->
<testsuite skipped="0" hostname="LAPTOP-E5HOM5DE" name="GmailLogin_All_TestCase.GmailLogin_Test" tests="8" failures="0" timestamp="2019-04-02T10:56:16 EDT" time="133.556" errors="1">
  <testcase name="LoginWithEmptyValue" time="13.819" classname="GmailLogin_All_TestCase.GmailLogin_Test"/>
  <testcase name="LoginWithIncorrectEmail" time="23.247" classname="GmailLogin_All_TestCase.GmailLogin_Test"/>
  <testcase name="LoginWithIncorrectPhone" time="12.894" classname="GmailLogin_All_TestCase.GmailLogin_Test"/>
  <testcase name="LoginWithNotRegisteredPhone" time="12.416" classname="GmailLogin_All_TestCase.GmailLogin_Test"/>
  <testcase name="LoginWithCorrectEmail_IncorrectPassword" time="20.430" classname="GmailLogin_All_TestCase.GmailLogin_Test"/>
  <testcase name="LoginWithCorrectPhone_IncorrectPassword" time="18.455" classname="GmailLogin_All_TestCase.GmailLogin_Test"/>
  <testcase name="LoginWithCorrectEmail_CorrecrPassword" time="17.641" classname="GmailLogin_All_TestCase.GmailLogin_Test"/>
  <testcase name="LoginWithCorrectPhone_CorrecrPassword" time="14.654" classname="GmailLogin_All_TestCase.GmailLogin_Test">
    <error type="org.openqa.selenium.ElementClickInterceptedException" message="Element &lt;content class=&quot;CwaK9&quot;&gt; is not clickable at point (823,386) because another element &lt;div class=&quot;ANuIbb IdAqtf&quot;&gt; obscures it
Build info: version: &#039;3.141.59&#039;, revision: &#039;e82be7d358&#039;, time: &#039;2018-11-14T08:17:03&#039;
System info: host: &#039;LAPTOP-E5HOM5DE&#039;, ip: &#039;10.111.96.93&#039;, os.name: &#039;Windows 10&#039;, os.arch: &#039;amd64&#039;, os.version: &#039;10.0&#039;, java.version: &#039;1.8.0_201&#039;
Driver info: org.openqa.selenium.firefox.FirefoxDriver
Capabilities {acceptInsecureCerts: true, browserName: firefox, browserVersion: 67.0, javascriptEnabled: true, moz:accessibilityChecks: false, moz:buildID: 20190328152334, moz:geckodriverVersion: 0.24.0, moz:headless: false, moz:processID: 3220, moz:profile: C:\Users\Shivangi\AppData\L..., moz:shutdownTimeout: 60000, moz:useNonSpecCompliantPointerOrigin: false, moz:webdriverClick: true, pageLoadStrategy: normal, platform: WINDOWS, platformName: WINDOWS, platformVersion: 10.0, rotatable: false, setWindowRect: true, strictFileInteractability: false, timeouts: {implicit: 0, pageLoad: 300000, script: 30000}, unhandledPromptBehavior: dismiss and notify}
Session ID: db987a67-6f2e-4685-9e00-233e14438df1">
      <![CDATA[org.openqa.selenium.ElementClickInterceptedException: Element <content class="CwaK9"> is not clickable at point (823,386) because another element <div class="ANuIbb IdAqtf"> obscures it
Build info: version: '3.141.59', revision: 'e82be7d358', time: '2018-11-14T08:17:03'
System info: host: 'LAPTOP-E5HOM5DE', ip: '10.111.96.93', os.name: 'Windows 10', os.arch: 'amd64', os.version: '10.0', java.version: '1.8.0_201'
Driver info: org.openqa.selenium.firefox.FirefoxDriver
Capabilities {acceptInsecureCerts: true, browserName: firefox, browserVersion: 67.0, javascriptEnabled: true, moz:accessibilityChecks: false, moz:buildID: 20190328152334, moz:geckodriverVersion: 0.24.0, moz:headless: false, moz:processID: 3220, moz:profile: C:\Users\Shivangi\AppData\L..., moz:shutdownTimeout: 60000, moz:useNonSpecCompliantPointerOrigin: false, moz:webdriverClick: true, pageLoadStrategy: normal, platform: WINDOWS, platformName: WINDOWS, platformVersion: 10.0, rotatable: false, setWindowRect: true, strictFileInteractability: false, timeouts: {implicit: 0, pageLoad: 300000, script: 30000}, unhandledPromptBehavior: dismiss and notify}
Session ID: db987a67-6f2e-4685-9e00-233e14438df1
at sun.reflect.NativeConstructorAccessorImpl.newInstance0(Native Method)
at sun.reflect.NativeConstructorAccessorImpl.newInstance(NativeConstructorAccessorImpl.java:62)
at sun.reflect.DelegatingConstructorAccessorImpl.newInstance(DelegatingConstructorAccessorImpl.java:45)
at java.lang.reflect.Constructor.newInstance(Constructor.java:423)
at org.openqa.selenium.remote.http.W3CHttpResponseCodec.createException(W3CHttpResponseCodec.java:187)
at org.openqa.selenium.remote.http.W3CHttpResponseCodec.decode(W3CHttpResponseCodec.java:122)
at org.openqa.selenium.remote.http.W3CHttpResponseCodec.decode(W3CHttpResponseCodec.java:49)
at org.openqa.selenium.remote.HttpCommandExecutor.execute(HttpCommandExecutor.java:158)
at org.openqa.selenium.remote.service.DriverCommandExecutor.execute(DriverCommandExecutor.java:83)
at org.openqa.selenium.remote.RemoteWebDriver.execute(RemoteWebDriver.java:552)
at org.openqa.selenium.remote.RemoteWebElement.execute(RemoteWebElement.java:285)
at org.openqa.selenium.remote.RemoteWebElement.click(RemoteWebElement.java:84)
at sun.reflect.NativeMethodAccessorImpl.invoke0(Native Method)
at sun.reflect.NativeMethodAccessorImpl.invoke(NativeMethodAccessorImpl.java:62)
at sun.reflect.DelegatingMethodAccessorImpl.invoke(DelegatingMethodAccessorImpl.java:43)
at java.lang.reflect.Method.invoke(Method.java:498)
at org.openqa.selenium.support.pagefactory.internal.LocatingElementHandler.invoke(LocatingElementHandler.java:51)
at com.sun.proxy.$Proxy4.click(Unknown Source)
at GmailLogin_All_TestCase.GmailLogin_Page.CorrectPwd(GmailLogin_Page.java:125)
at GmailLogin_All_TestCase.GmailLogin_Test.LoginWithCorrectPhone_CorrecrPassword(GmailLogin_Test.java:100)
at sun.reflect.NativeMethodAccessorImpl.invoke0(Native Method)
at sun.reflect.NativeMethodAccessorImpl.invoke(NativeMethodAccessorImpl.java:62)
at sun.reflect.DelegatingMethodAccessorImpl.invoke(DelegatingMethodAccessorImpl.java:43)
at java.lang.reflect.Method.invoke(Method.java:498)
at org.testng.internal.MethodInvocationHelper.invokeMethod(MethodInvocationHelper.java:131)
at org.testng.internal.TestInvoker.invokeMethod(TestInvoker.java:570)
at org.testng.internal.TestInvoker.invokeTestMethod(TestInvoker.java:170)
at org.testng.internal.MethodRunner.runInSequence(MethodRunner.java:46)
at org.testng.internal.TestInvoker$MethodInvocationAgent.invoke(TestInvoker.java:790)
at org.testng.internal.TestInvoker.invokeTestMethods(TestInvoker.java:143)
at org.testng.internal.TestMethodWorker.invokeTestMethods(TestMethodWorker.java:146)
at org.testng.internal.TestMethodWorker.run(TestMethodWorker.java:128)
at org.testng.TestRunner.privateRun(TestRunner.java:763)
at org.testng.TestRunner.run(TestRunner.java:594)
at org.testng.SuiteRunner.runTest(SuiteRunner.java:398)
at org.testng.SuiteRunner.runSequentially(SuiteRunner.java:392)
at org.testng.SuiteRunner.privateRun(SuiteRunner.java:355)
at org.testng.SuiteRunner.run(SuiteRunner.java:304)
at org.testng.SuiteRunnerWorker.runSuite(SuiteRunnerWorker.java:53)
at org.testng.SuiteRunnerWorker.run(SuiteRunnerWorker.java:96)
at org.testng.TestNG.runSuitesSequentially(TestNG.java:1146)
at org.testng.TestNG.runSuitesLocally(TestNG.java:1067)
at org.testng.TestNG.runSuites(TestNG.java:997)
at org.testng.TestNG.run(TestNG.java:965)
at org.apache.maven.surefire.testng.TestNGExecutor.run(TestNGExecutor.java:135)
at org.apache.maven.surefire.testng.TestNGDirectoryTestSuite.executeSingleClass(TestNGDirectoryTestSuite.java:112)
at org.apache.maven.surefire.testng.TestNGDirectoryTestSuite.execute(TestNGDirectoryTestSuite.java:99)
at org.apache.maven.surefire.testng.TestNGProvider.invoke(TestNGProvider.java:146)
at org.apache.maven.surefire.booter.ForkedBooter.invokeProviderInSameClassLoader(ForkedBooter.java:384)
at org.apache.maven.surefire.booter.ForkedBooter.runSuitesInProcess(ForkedBooter.java:345)
at org.apache.maven.surefire.booter.ForkedBooter.execute(ForkedBooter.java:126)
at org.apache.maven.surefire.booter.ForkedBooter.main(ForkedBooter.java:418)
]]>
    </error>
  </testcase> <!-- LoginWithCorrectPhone_CorrecrPassword -->
</testsuite> <!-- GmailLogin_All_TestCase.GmailLogin_Test -->
